E:\C++PROGRAM\CPP_MEDITATION\CHAPTER6\CHAPTER6\DEBUG\CHAPTER6.PCH
E:\C++PROGRAM\CPP_MEDITATION\CHAPTER6\CHAPTER6\DEBUG\STDAFX.OBJ
E:\C++PROGRAM\CPP_MEDITATION\CHAPTER6\CHAPTER6\DEBUG\VC110.PDB
E:\C++PROGRAM\CPP_MEDITATION\CHAPTER6\CHAPTER6\DEBUG\CHAPTER6.OBJ
E:\C++PROGRAM\CPP_MEDITATION\CHAPTER6\DEBUG\CHAPTER6.ILK
E:\C++PROGRAM\CPP_MEDITATION\CHAPTER6\DEBUG\CHAPTER6.EXE
E:\C++PROGRAM\CPP_MEDITATION\CHAPTER6\DEBUG\CHAPTER6.PDB
E:\C++program\Cpp_meditation\chapter6\chapter6\Debug\chapter6.obj
E:\C++program\Cpp_meditation\chapter6\chapter6\Debug\stdafx.obj
E:\C++program\Cpp_meditation\chapter6\chapter6\Debug\cl.command.1.tlog
E:\C++program\Cpp_meditation\chapter6\chapter6\Debug\CL.read.1.tlog
E:\C++program\Cpp_meditation\chapter6\chapter6\Debug\CL.write.1.tlog
E:\C++program\Cpp_meditation\chapter6\chapter6\Debug\link-cvtres.read.1.tlog
E:\C++program\Cpp_meditation\chapter6\chapter6\Debug\link-cvtres.write.1.tlog
E:\C++program\Cpp_meditation\chapter6\chapter6\Debug\link-rc.read.1.tlog
E:\C++program\Cpp_meditation\chapter6\chapter6\Debug\link-rc.write.1.tlog
E:\C++program\Cpp_meditation\chapter6\chapter6\Debug\link.command.1.tlog
E:\C++program\Cpp_meditation\chapter6\chapter6\Debug\link.read.1.tlog
E:\C++program\Cpp_meditation\chapter6\chapter6\Debug\link.write.1.tlog
E:\C++program\Cpp_meditation\chapter6\chapter6\Debug\chapter6.pch
E:\C++program\Cpp_meditation\chapter6\chapter6\Debug\vc110.idb
E:\C++program\Cpp_meditation\chapter6\chapter6\Debug\vc110.pdb
E:\C++program\Cpp_meditation\chapter6\Debug\chapter6.pdb
E:\C++program\Cpp_meditation\chapter6\Debug\chapter6.exe
E:\C++program\Cpp_meditation\chapter6\Debug\chapter6.ilk
