E:\GITHUB\CPP_MEDITATION\CHAPTER8\CHAPTER8\DEBUG\CHAPTER8.PCH
E:\GITHUB\CPP_MEDITATION\CHAPTER8\CHAPTER8\DEBUG\STDAFX.OBJ
E:\GITHUB\CPP_MEDITATION\CHAPTER8\CHAPTER8\DEBUG\VC110.PDB
E:\GITHUB\CPP_MEDITATION\CHAPTER8\CHAPTER8\DEBUG\CHAPTER8.OBJ
E:\GITHUB\CPP_MEDITATION\CHAPTER8\DEBUG\CHAPTER8.ILK
E:\GITHUB\CPP_MEDITATION\CHAPTER8\DEBUG\CHAPTER8.EXE
E:\GITHUB\CPP_MEDITATION\CHAPTER8\DEBUG\CHAPTER8.PDB
E:\GitHub\Cpp_meditation\chapter8\chapter8\Debug\chapter8.obj
E:\GitHub\Cpp_meditation\chapter8\chapter8\Debug\stdafx.obj
E:\GitHub\Cpp_meditation\chapter8\chapter8\Debug\cl.command.1.tlog
E:\GitHub\Cpp_meditation\chapter8\chapter8\Debug\CL.read.1.tlog
E:\GitHub\Cpp_meditation\chapter8\chapter8\Debug\CL.write.1.tlog
E:\GitHub\Cpp_meditation\chapter8\chapter8\Debug\link-cvtres.read.1.tlog
E:\GitHub\Cpp_meditation\chapter8\chapter8\Debug\link-cvtres.write.1.tlog
E:\GitHub\Cpp_meditation\chapter8\chapter8\Debug\link-rc.read.1.tlog
E:\GitHub\Cpp_meditation\chapter8\chapter8\Debug\link-rc.write.1.tlog
E:\GitHub\Cpp_meditation\chapter8\chapter8\Debug\link.command.1.tlog
E:\GitHub\Cpp_meditation\chapter8\chapter8\Debug\link.read.1.tlog
E:\GitHub\Cpp_meditation\chapter8\chapter8\Debug\link.write.1.tlog
E:\GitHub\Cpp_meditation\chapter8\chapter8\Debug\chapter8.pch
E:\GitHub\Cpp_meditation\chapter8\chapter8\Debug\vc110.idb
E:\GitHub\Cpp_meditation\chapter8\chapter8\Debug\vc110.pdb
E:\GitHub\Cpp_meditation\chapter8\Debug\chapter8.pdb
E:\GitHub\Cpp_meditation\chapter8\Debug\chapter8.exe
E:\GitHub\Cpp_meditation\chapter8\Debug\chapter8.ilk
