E:\C++PROGRAM\CPP_MEDITATION\CHAPTER5\CHAPTER5\DEBUG\CHAPTER5.PCH
E:\C++PROGRAM\CPP_MEDITATION\CHAPTER5\CHAPTER5\DEBUG\STDAFX.OBJ
E:\C++PROGRAM\CPP_MEDITATION\CHAPTER5\CHAPTER5\DEBUG\VC110.PDB
E:\C++PROGRAM\CPP_MEDITATION\CHAPTER5\CHAPTER5\DEBUG\CHAPTER5.OBJ
E:\C++PROGRAM\CPP_MEDITATION\CHAPTER5\DEBUG\CHAPTER5.ILK
E:\C++PROGRAM\CPP_MEDITATION\CHAPTER5\DEBUG\CHAPTER5.EXE
E:\C++PROGRAM\CPP_MEDITATION\CHAPTER5\DEBUG\CHAPTER5.PDB
E:\C++program\Cpp_meditation\chapter5\chapter5\Debug\stdafx.obj
E:\C++program\Cpp_meditation\chapter5\chapter5\Debug\cl.command.1.tlog
E:\C++program\Cpp_meditation\chapter5\chapter5\Debug\CL.read.1.tlog
E:\C++program\Cpp_meditation\chapter5\chapter5\Debug\CL.write.1.tlog
E:\C++program\Cpp_meditation\chapter5\chapter5\Debug\link-cvtres.read.1.tlog
E:\C++program\Cpp_meditation\chapter5\chapter5\Debug\link-cvtres.write.1.tlog
E:\C++program\Cpp_meditation\chapter5\chapter5\Debug\link-rc.read.1.tlog
E:\C++program\Cpp_meditation\chapter5\chapter5\Debug\link-rc.write.1.tlog
E:\C++program\Cpp_meditation\chapter5\chapter5\Debug\link.command.1.tlog
E:\C++program\Cpp_meditation\chapter5\chapter5\Debug\link.read.1.tlog
E:\C++program\Cpp_meditation\chapter5\chapter5\Debug\link.write.1.tlog
E:\C++program\Cpp_meditation\chapter5\chapter5\Debug\chapter5.pch
E:\C++program\Cpp_meditation\chapter5\chapter5\Debug\vc110.idb
E:\C++program\Cpp_meditation\chapter5\chapter5\Debug\vc110.pdb
E:\C++program\Cpp_meditation\chapter5\Debug\chapter5.pdb
E:\C++program\Cpp_meditation\chapter5\Debug\chapter5.exe
E:\C++program\Cpp_meditation\chapter5\Debug\chapter5.ilk
