E:\GITHUB\CPP_MEDITATION\CHAPTER7\CHAPTER7\DEBUG\CHAPTER7.PCH
E:\GITHUB\CPP_MEDITATION\CHAPTER7\CHAPTER7\DEBUG\STDAFX.OBJ
E:\GITHUB\CPP_MEDITATION\CHAPTER7\CHAPTER7\DEBUG\VC110.PDB
E:\GITHUB\CPP_MEDITATION\CHAPTER7\CHAPTER7\DEBUG\CHAPTER7.OBJ
E:\GITHUB\CPP_MEDITATION\CHAPTER7\DEBUG\CHAPTER7.ILK
E:\GITHUB\CPP_MEDITATION\CHAPTER7\DEBUG\CHAPTER7.EXE
E:\GITHUB\CPP_MEDITATION\CHAPTER7\DEBUG\CHAPTER7.PDB
E:\GitHub\Cpp_meditation\chapter7\chapter7\Debug\chapter7.obj
E:\GitHub\Cpp_meditation\chapter7\chapter7\Debug\stdafx.obj
E:\GitHub\Cpp_meditation\chapter7\chapter7\Debug\cl.command.1.tlog
E:\GitHub\Cpp_meditation\chapter7\chapter7\Debug\CL.read.1.tlog
E:\GitHub\Cpp_meditation\chapter7\chapter7\Debug\CL.write.1.tlog
E:\GitHub\Cpp_meditation\chapter7\chapter7\Debug\link-cvtres.read.1.tlog
E:\GitHub\Cpp_meditation\chapter7\chapter7\Debug\link-cvtres.write.1.tlog
E:\GitHub\Cpp_meditation\chapter7\chapter7\Debug\link-rc.read.1.tlog
E:\GitHub\Cpp_meditation\chapter7\chapter7\Debug\link-rc.write.1.tlog
E:\GitHub\Cpp_meditation\chapter7\chapter7\Debug\link.command.1.tlog
E:\GitHub\Cpp_meditation\chapter7\chapter7\Debug\link.read.1.tlog
E:\GitHub\Cpp_meditation\chapter7\chapter7\Debug\link.write.1.tlog
E:\GitHub\Cpp_meditation\chapter7\chapter7\Debug\chapter7.pch
E:\GitHub\Cpp_meditation\chapter7\chapter7\Debug\vc110.idb
E:\GitHub\Cpp_meditation\chapter7\chapter7\Debug\vc110.pdb
E:\GitHub\Cpp_meditation\chapter7\Debug\chapter7.pdb
E:\GitHub\Cpp_meditation\chapter7\Debug\chapter7.exe
E:\GitHub\Cpp_meditation\chapter7\Debug\chapter7.ilk
