E:\C++PROGRAM\CPP_MEDITATION\CHAPTER4\CHAPTER4\DEBUG\CHAPTER4.PCH
E:\C++PROGRAM\CPP_MEDITATION\CHAPTER4\CHAPTER4\DEBUG\STDAFX.OBJ
E:\C++PROGRAM\CPP_MEDITATION\CHAPTER4\CHAPTER4\DEBUG\VC110.PDB
E:\C++PROGRAM\CPP_MEDITATION\CHAPTER4\CHAPTER4\DEBUG\CHAPTER4.OBJ
E:\C++PROGRAM\CPP_MEDITATION\CHAPTER4\DEBUG\CHAPTER4.ILK
E:\C++PROGRAM\CPP_MEDITATION\CHAPTER4\DEBUG\CHAPTER4.EXE
E:\C++PROGRAM\CPP_MEDITATION\CHAPTER4\DEBUG\CHAPTER4.PDB
E:\C++program\Cpp_meditation\chapter4\chapter4\Debug\stdafx.obj
E:\C++program\Cpp_meditation\chapter4\chapter4\Debug\cl.command.1.tlog
E:\C++program\Cpp_meditation\chapter4\chapter4\Debug\CL.read.1.tlog
E:\C++program\Cpp_meditation\chapter4\chapter4\Debug\CL.write.1.tlog
E:\C++program\Cpp_meditation\chapter4\chapter4\Debug\link-cvtres.read.1.tlog
E:\C++program\Cpp_meditation\chapter4\chapter4\Debug\link-cvtres.write.1.tlog
E:\C++program\Cpp_meditation\chapter4\chapter4\Debug\link-rc.read.1.tlog
E:\C++program\Cpp_meditation\chapter4\chapter4\Debug\link-rc.write.1.tlog
E:\C++program\Cpp_meditation\chapter4\chapter4\Debug\link.7832-cvtres.read.1.tlog
E:\C++program\Cpp_meditation\chapter4\chapter4\Debug\link.7832-cvtres.write.1.tlog
E:\C++program\Cpp_meditation\chapter4\chapter4\Debug\link.7832-rc.read.1.tlog
E:\C++program\Cpp_meditation\chapter4\chapter4\Debug\link.7832-rc.write.1.tlog
E:\C++program\Cpp_meditation\chapter4\chapter4\Debug\link.7832.read.1.tlog
E:\C++program\Cpp_meditation\chapter4\chapter4\Debug\link.7832.write.1.tlog
E:\C++program\Cpp_meditation\chapter4\chapter4\Debug\link.command.1.tlog
E:\C++program\Cpp_meditation\chapter4\chapter4\Debug\link.read.1.tlog
E:\C++program\Cpp_meditation\chapter4\chapter4\Debug\link.write.1.tlog
E:\C++program\Cpp_meditation\chapter4\chapter4\Debug\chapter4.pch
E:\C++program\Cpp_meditation\chapter4\chapter4\Debug\vc110.idb
E:\C++program\Cpp_meditation\chapter4\chapter4\Debug\vc110.pdb
E:\C++program\Cpp_meditation\chapter4\Debug\chapter4.pdb
E:\C++program\Cpp_meditation\chapter4\Debug\chapter4.exe
E:\C++program\Cpp_meditation\chapter4\Debug\chapter4.ilk
