E:\C++PROGRAM\C++PRIMER\C++PRIMER\DEBUG\C++PRIMER.PCH
E:\C++PROGRAM\C++PRIMER\C++PRIMER\DEBUG\STDAFX.OBJ
E:\C++PROGRAM\C++PRIMER\C++PRIMER\DEBUG\VC110.PDB
E:\C++PROGRAM\C++PRIMER\C++PRIMER\DEBUG\ARRAY_POINTER.OBJ
E:\C++PROGRAM\C++PRIMER\C++PRIMER\DEBUG\C++PRIMER.OBJ
E:\C++PROGRAM\C++PRIMER\C++PRIMER\DEBUG\EXPRESSION.OBJ
E:\C++PROGRAM\C++PRIMER\C++PRIMER\DEBUG\FUNC.OBJ
E:\C++PROGRAM\C++PRIMER\C++PRIMER\DEBUG\SALES_ITEM.OBJ
E:\C++PROGRAM\C++PRIMER\C++PRIMER\DEBUG\STLIB_TEST.OBJ
E:\C++PROGRAM\C++PRIMER\DEBUG\C++PRIMER.ILK
E:\C++PROGRAM\C++PRIMER\DEBUG\C++PRIMER.EXE
E:\C++PROGRAM\C++PRIMER\DEBUG\C++PRIMER.PDB
E:\C++program\c++primer\c++primer\Debug\array_pointer.obj
E:\C++program\c++primer\c++primer\Debug\expression.obj
E:\C++program\c++primer\c++primer\Debug\func.obj
E:\C++program\c++primer\c++primer\Debug\Sales_item.obj
E:\C++program\c++primer\c++primer\Debug\stdafx.obj
E:\C++program\c++primer\c++primer\Debug\stlib_test.obj
E:\C++program\c++primer\c++primer\Debug\cl.command.1.tlog
E:\C++program\c++primer\c++primer\Debug\CL.read.1.tlog
E:\C++program\c++primer\c++primer\Debug\CL.write.1.tlog
E:\C++program\c++primer\c++primer\Debug\link-cvtres.read.1.tlog
E:\C++program\c++primer\c++primer\Debug\link-cvtres.write.1.tlog
E:\C++program\c++primer\c++primer\Debug\link-rc.read.1.tlog
E:\C++program\c++primer\c++primer\Debug\link-rc.write.1.tlog
E:\C++program\c++primer\c++primer\Debug\link.command.1.tlog
E:\C++program\c++primer\c++primer\Debug\link.read.1.tlog
E:\C++program\c++primer\c++primer\Debug\link.write.1.tlog
E:\C++program\c++primer\c++primer\Debug\c++primer.pch
E:\C++program\c++primer\c++primer\Debug\vc110.idb
E:\C++program\c++primer\c++primer\Debug\vc110.pdb
E:\C++program\c++primer\Debug\c++primer.pdb
E:\C++program\c++primer\Debug\c++primer.exe
E:\C++program\c++primer\Debug\c++primer.ilk
