E:\C++PROGRAM\CPP_MEDITATION\SPISAMPLE\SPISAMPLE\DEBUG\MAIN.OBJ
E:\C++PROGRAM\CPP_MEDITATION\SPISAMPLE\SPISAMPLE\DEBUG\VC110.PDB
E:\C++PROGRAM\CPP_MEDITATION\SPISAMPLE\SPISAMPLE\DEBUG\SPI_FUNC.OBJ
E:\C++PROGRAM\CPP_MEDITATION\SPISAMPLE\DEBUG\SPISAMPLE.ILK
E:\C++PROGRAM\CPP_MEDITATION\SPISAMPLE\DEBUG\SPISAMPLE.EXE
E:\C++PROGRAM\CPP_MEDITATION\SPISAMPLE\DEBUG\SPISAMPLE.PDB
E:\C++program\Cpp_meditation\SPISample\SPISample\Debug\main.obj
E:\C++program\Cpp_meditation\SPISample\SPISample\Debug\SPI_func.obj
E:\C++program\Cpp_meditation\SPISample\SPISample\Debug\cl.command.1.tlog
E:\C++program\Cpp_meditation\SPISample\SPISample\Debug\CL.read.1.tlog
E:\C++program\Cpp_meditation\SPISample\SPISample\Debug\CL.write.1.tlog
E:\C++program\Cpp_meditation\SPISample\SPISample\Debug\link-cvtres.read.1.tlog
E:\C++program\Cpp_meditation\SPISample\SPISample\Debug\link-cvtres.write.1.tlog
E:\C++program\Cpp_meditation\SPISample\SPISample\Debug\link-rc.read.1.tlog
E:\C++program\Cpp_meditation\SPISample\SPISample\Debug\link-rc.write.1.tlog
E:\C++program\Cpp_meditation\SPISample\SPISample\Debug\link.command.1.tlog
E:\C++program\Cpp_meditation\SPISample\SPISample\Debug\link.read.1.tlog
E:\C++program\Cpp_meditation\SPISample\SPISample\Debug\link.write.1.tlog
E:\C++program\Cpp_meditation\SPISample\SPISample\Debug\vc110.idb
E:\C++program\Cpp_meditation\SPISample\SPISample\Debug\vc110.pdb
E:\C++program\Cpp_meditation\SPISample\Debug\SPISample.pdb
E:\C++program\Cpp_meditation\SPISample\Debug\SPISample.exe
E:\C++program\Cpp_meditation\SPISample\Debug\SPISample.ilk
